SF:lib/core/util/input_converter.dart
DA:5,1
DA:7,1
DA:8,1
DA:9,1
DA:10,1
DA:11,2
LF:6
LH:6
end_of_record
SF:lib/core/error/failures.dart
DA:6,2
DA:7,4
LF:2
LH:2
end_of_record
SF:lib/core/network/network_info.dart
DA:9,1
DA:11,1
DA:12,2
LF:3
LH:3
end_of_record
SF:lib/features/number_trivia/data/datasources/number_trivia_remote_data_source.dart
DA:14,1
DA:17,1
DA:18,3
DA:19,1
DA:22,1
DA:24,1
DA:25,2
DA:26,5
DA:27,3
DA:29,1
DA:34,1
DA:35,3
DA:36,1
DA:41,1
DA:42,2
DA:43,5
DA:44,4
DA:46,1
LF:18
LH:18
end_of_record
SF:lib/features/number_trivia/data/models/number_trivia_model.dart
DA:4,7
DA:9,2
DA:10,2
DA:11,4
DA:12,2
DA:16,2
DA:17,2
DA:18,2
DA:19,2
LF:9
LH:9
end_of_record
SF:lib/features/number_trivia/domain/entities/number_trivia.dart
DA:7,10
DA:12,3
DA:13,9
LF:3
LH:3
end_of_record
SF:lib/features/number_trivia/data/datasources/number_trivia_local_data_source.dart
DA:17,1
DA:19,1
DA:21,2
DA:23,3
DA:25,1
DA:30,1
DA:31,5
LF:7
LH:7
end_of_record
SF:lib/features/number_trivia/data/repositories/number_trivia_repository_impl.dart
DA:18,1
DA:25,1
DA:26,3
DA:27,3
DA:32,1
DA:33,3
DA:34,3
DA:38,1
DA:39,3
DA:42,2
DA:43,3
DA:44,1
DA:45,1
DA:46,2
DA:50,3
DA:51,1
DA:52,1
DA:53,2
LF:18
LH:18
end_of_record
SF:lib/features/number_trivia/domain/usecases/get_concrete_number_trivia.dart
DA:11,1
DA:14,1
DA:15,4
DA:21,3
DA:22,0
DA:23,0
LF:6
LH:4
end_of_record
SF:lib/core/usecases/no_params.dart
DA:4,0
DA:5,0
LF:2
LH:0
end_of_record
SF:lib/features/number_trivia/domain/usecases/get_random_number_trivia.dart
DA:12,1
DA:14,1
DA:15,3
LF:3
LH:3
end_of_record
SF:lib/features/number_trivia/presentation/bloc/number_trivia_bloc.dart
DA:20,1
DA:24,2
DA:25,2
DA:26,1
DA:27,3
DA:28,1
DA:29,0
DA:30,1
DA:31,2
DA:32,4
DA:33,1
DA:35,0
DA:36,0
DA:37,0
DA:38,0
DA:43,1
DA:46,1
DA:47,0
DA:49,0
DA:51,1
DA:53,2
DA:58,0
DA:59,0
DA:60,0
DA:62,0
LF:25
LH:14
end_of_record
SF:lib/features/number_trivia/presentation/bloc/number_trivia_event.dart
DA:4,1
DA:6,0
DA:7,0
DA:13,1
DA:15,0
DA:16,0
LF:6
LH:2
end_of_record
SF:lib/features/number_trivia/presentation/bloc/number_trivia_state.dart
DA:5,3
DA:7,1
DA:8,1
DA:18,2
DA:20,0
DA:21,0
DA:27,2
DA:29,0
DA:30,0
LF:9
LH:5
end_of_record
